2025-04-15 23:26:45,439 - INFO - Intentando crear cliente de Cosmos DB
2025-04-15 23:26:45,477 - INFO - Request URL: 'https://tedxlascondes-speakers.documents.azure.com:443/'
Request method: 'GET'
Request headers:
    'Cache-Control': 'no-cache'
    'x-ms-version': 'REDACTED'
    'x-ms-documentdb-query-iscontinuationexpected': 'REDACTED'
    'x-ms-date': 'REDACTED'
    'authorization': 'REDACTED'
    'Accept': 'application/json'
    'Content-Length': '0'
    'User-Agent': 'azsdk-python-cosmos/4.9.0 Python/3.9.10 (macOS-11.3.1-arm64-arm-64bit)'
No body was attached to the request
2025-04-15 23:26:45,484 - DEBUG - Starting new HTTPS connection (1): tedxlascondes-speakers.documents.azure.com:443
2025-04-15 23:26:47,055 - DEBUG - https://tedxlascondes-speakers.documents.azure.com:443 "GET / HTTP/1.1" 200 None
2025-04-15 23:26:47,056 - INFO - Response status: 200
Response headers:
    'Cache-Control': 'no-store, no-cache'
    'Pragma': 'no-cache'
    'Transfer-Encoding': 'chunked'
    'Content-Type': 'application/json'
    'Content-Location': 'REDACTED'
    'Server': 'Microsoft-HTTPAPI/2.0'
    'x-ms-max-media-storage-usage-mb': 'REDACTED'
    'x-ms-media-storage-usage-mb': 'REDACTED'
    'x-ms-databaseaccount-consumed-mb': 'REDACTED'
    'x-ms-databaseaccount-reserved-mb': 'REDACTED'
    'x-ms-databaseaccount-provisioned-mb': 'REDACTED'
    'Strict-Transport-Security': 'REDACTED'
    'x-ms-gatewayversion': 'REDACTED'
    'Date': 'Wed, 16 Apr 2025 03:26:46 GMT'
2025-04-15 23:26:47,056 - INFO - Intentando crear/obtener base de datos: TEDxLasCondes
2025-04-15 23:26:47,056 - INFO - Request URL: 'https://tedxlascondes-speakers-uaenorth.documents.azure.com:443/dbs/TEDxLasCondes/'
Request method: 'GET'
Request headers:
    'Cache-Control': 'no-cache'
    'x-ms-version': 'REDACTED'
    'x-ms-documentdb-query-iscontinuationexpected': 'REDACTED'
    'x-ms-consistency-level': 'REDACTED'
    'x-ms-date': 'REDACTED'
    'authorization': 'REDACTED'
    'Accept': 'application/json'
    'Content-Length': '0'
    'User-Agent': 'azsdk-python-cosmos/4.9.0 Python/3.9.10 (macOS-11.3.1-arm64-arm-64bit)'
No body was attached to the request
2025-04-15 23:26:47,058 - DEBUG - Starting new HTTPS connection (1): tedxlascondes-speakers-uaenorth.documents.azure.com:443
2025-04-15 23:26:48,482 - DEBUG - https://tedxlascondes-speakers-uaenorth.documents.azure.com:443 "GET /dbs/TEDxLasCondes/ HTTP/1.1" 200 None
2025-04-15 23:26:48,483 - INFO - Response status: 200
Response headers:
    'Cache-Control': 'no-store, no-cache'
    'Pragma': 'no-cache'
    'Transfer-Encoding': 'chunked'
    'Content-Type': 'application/json'
    'Content-Location': 'REDACTED'
    'Server': 'Microsoft-HTTPAPI/2.0'
    'Strict-Transport-Security': 'REDACTED'
    'x-ms-activity-id': 'REDACTED'
    'x-ms-last-state-change-utc': 'REDACTED'
    'etag': '"00003600-0000-3200-0000-67fe4af30000"'
    'x-ms-resource-quota': 'REDACTED'
    'x-ms-resource-usage': 'REDACTED'
    'x-ms-schemaversion': 'REDACTED'
    'lsn': 'REDACTED'
    'x-ms-request-charge': 'REDACTED'
    'x-ms-xp-role': 'REDACTED'
    'x-ms-global-Committed-lsn': 'REDACTED'
    'x-ms-number-of-read-regions': 'REDACTED'
    'x-ms-item-lsn': 'REDACTED'
    'x-ms-transport-request-id': 'REDACTED'
    'x-ms-cosmos-llsn': 'REDACTED'
    'x-ms-cosmos-item-llsn': 'REDACTED'
    'x-ms-session-token': 'REDACTED'
    'x-ms-request-duration-ms': 'REDACTED'
    'x-ms-serviceversion': 'REDACTED'
    'x-ms-cosmos-internal-partition-id': 'REDACTED'
    'x-ms-gatewayversion': 'REDACTED'
    'Date': 'Wed, 16 Apr 2025 03:26:47 GMT'
2025-04-15 23:26:48,483 - INFO - Intentando crear/obtener contenedor: speakers
2025-04-15 23:26:48,483 - INFO - Request URL: 'https://tedxlascondes-speakers-uaenorth.documents.azure.com:443/dbs/TEDxLasCondes/colls/speakers/'
Request method: 'GET'
Request headers:
    'Cache-Control': 'no-cache'
    'x-ms-version': 'REDACTED'
    'x-ms-documentdb-query-iscontinuationexpected': 'REDACTED'
    'x-ms-consistency-level': 'REDACTED'
    'x-ms-date': 'REDACTED'
    'authorization': 'REDACTED'
    'Accept': 'application/json'
    'Content-Length': '0'
    'User-Agent': 'azsdk-python-cosmos/4.9.0 Python/3.9.10 (macOS-11.3.1-arm64-arm-64bit)'
No body was attached to the request
2025-04-15 23:26:48,940 - DEBUG - https://tedxlascondes-speakers-uaenorth.documents.azure.com:443 "GET /dbs/TEDxLasCondes/colls/speakers/ HTTP/1.1" 200 None
2025-04-15 23:26:48,940 - INFO - Response status: 200
Response headers:
    'Cache-Control': 'no-store, no-cache'
    'Pragma': 'no-cache'
    'Transfer-Encoding': 'chunked'
    'Content-Type': 'application/json'
    'Content-Location': 'REDACTED'
    'Server': 'Microsoft-HTTPAPI/2.0'
    'Strict-Transport-Security': 'REDACTED'
    'x-ms-activity-id': 'REDACTED'
    'x-ms-last-state-change-utc': 'REDACTED'
    'etag': '"00003d00-0000-3200-0000-67fe97ad0000"'
    'x-ms-schemaversion': 'REDACTED'
    'collection-partition-index': 'REDACTED'
    'collection-service-index': 'REDACTED'
    'lsn': 'REDACTED'
    'x-ms-request-charge': 'REDACTED'
    'x-ms-alt-content-path': 'REDACTED'
    'x-ms-content-path': 'REDACTED'
    'x-ms-documentdb-partitionkeyrangeid': 'REDACTED'
    'x-ms-xp-role': 'REDACTED'
    'x-ms-global-Committed-lsn': 'REDACTED'
    'x-ms-number-of-read-regions': 'REDACTED'
    'x-ms-item-lsn': 'REDACTED'
    'x-ms-transport-request-id': 'REDACTED'
    'x-ms-cosmos-llsn': 'REDACTED'
    'x-ms-cosmos-item-llsn': 'REDACTED'
    'x-ms-session-token': 'REDACTED'
    'x-ms-request-duration-ms': 'REDACTED'
    'x-ms-serviceversion': 'REDACTED'
    'x-ms-cosmos-physical-partition-id': 'REDACTED'
    'x-ms-cosmos-max-content-length': 'REDACTED'
    'x-ms-cosmos-internal-partition-id': 'REDACTED'
    'x-ms-gatewayversion': 'REDACTED'
    'Date': 'Wed, 16 Apr 2025 03:26:47 GMT'
2025-04-15 23:26:48,940 - INFO - Intentando insertar speaker
2025-04-15 23:26:48,941 - INFO - Request URL: 'https://tedxlascondes-speakers-uaenorth.documents.azure.com:443/dbs/TEDxLasCondes/colls/speakers/docs/'
Request method: 'POST'
Request headers:
    'Cache-Control': 'no-cache'
    'x-ms-version': 'REDACTED'
    'x-ms-documentdb-query-iscontinuationexpected': 'REDACTED'
    'x-ms-consistency-level': 'REDACTED'
    'x-ms-session-token': 'REDACTED'
    'x-ms-documentdb-partitionkey': 'REDACTED'
    'x-ms-date': 'REDACTED'
    'authorization': 'REDACTED'
    'Content-Type': 'application/json'
    'Accept': 'application/json'
    'x-ms-cosmos-intended-collection-rid': 'REDACTED'
    'Content-Length': '722'
    'User-Agent': 'azsdk-python-cosmos/4.9.0 Python/3.9.10 (macOS-11.3.1-arm64-arm-64bit)'
A body is sent with the request
2025-04-15 23:26:49,452 - DEBUG - https://tedxlascondes-speakers-uaenorth.documents.azure.com:443 "POST /dbs/TEDxLasCondes/colls/speakers/docs/ HTTP/1.1" 201 None
2025-04-15 23:26:49,452 - INFO - Response status: 201
Response headers:
    'Cache-Control': 'no-store, no-cache'
    'Pragma': 'no-cache'
    'Transfer-Encoding': 'chunked'
    'Content-Type': 'application/json'
    'Server': 'Microsoft-HTTPAPI/2.0'
    'Strict-Transport-Security': 'REDACTED'
    'x-ms-activity-id': 'REDACTED'
    'x-ms-last-state-change-utc': 'REDACTED'
    'etag': '"0f007c0b-0000-3200-0000-67ff23790000"'
    'x-ms-resource-quota': 'REDACTED'
    'x-ms-resource-usage': 'REDACTED'
    'x-ms-schemaversion': 'REDACTED'
    'lsn': 'REDACTED'
    'x-ms-request-charge': 'REDACTED'
    'x-ms-alt-content-path': 'REDACTED'
    'x-ms-content-path': 'REDACTED'
    'x-ms-quorum-acked-lsn': 'REDACTED'
    'x-ms-current-write-quorum': 'REDACTED'
    'x-ms-current-replica-set-size': 'REDACTED'
    'x-ms-documentdb-partitionkeyrangeid': 'REDACTED'
    'x-ms-xp-role': 'REDACTED'
    'x-ms-global-Committed-lsn': 'REDACTED'
    'x-ms-number-of-read-regions': 'REDACTED'
    'x-ms-transport-request-id': 'REDACTED'
    'x-ms-cosmos-llsn': 'REDACTED'
    'x-ms-cosmos-quorum-acked-llsn': 'REDACTED'
    'x-ms-session-token': 'REDACTED'
    'x-ms-request-duration-ms': 'REDACTED'
    'x-ms-serviceversion': 'REDACTED'
    'x-ms-cosmos-physical-partition-id': 'REDACTED'
    'x-ms-cosmos-internal-partition-id': 'REDACTED'
    'x-ms-gatewayversion': 'REDACTED'
    'Date': 'Wed, 16 Apr 2025 03:26:49 GMT'
